d:\users\raff\documents\github\vectorizationcomparison\nothreadsyesvectorization\debug\main.obj
d:\users\raff\documents\github\vectorizationcomparison\nothreadsyesvectorization\debug\vc140.pdb
c:\users\raff\appdata\local\temp\lnk{fdf9978c-9913-43c0-9301-222b7dba26ee}.tmp
d:\users\raff\documents\github\vectorizationcomparison\debug\nothreadsyesvectorization.ilk
d:\users\raff\documents\github\vectorizationcomparison\debug\nothreadsyesvectorization.exe
d:\users\raff\documents\github\vectorizationcomparison\debug\nothreadsyesvectorization.pdb
d:\users\raff\documents\github\vectorizationcomparison\nothreadsyesvectorization\debug\nothread.70ea90c0.tlog\icl-mcpcom.read.1.tlog
d:\users\raff\documents\github\vectorizationcomparison\nothreadsyesvectorization\debug\nothread.70ea90c0.tlog\icl-mcpcom.write.1.tlog
d:\users\raff\documents\github\vectorizationcomparison\nothreadsyesvectorization\debug\nothread.70ea90c0.tlog\icl.command.1.tlog
d:\users\raff\documents\github\vectorizationcomparison\nothreadsyesvectorization\debug\nothread.70ea90c0.tlog\icl.read.1.tlog
d:\users\raff\documents\github\vectorizationcomparison\nothreadsyesvectorization\debug\nothread.70ea90c0.tlog\icl.write.1.tlog
d:\users\raff\documents\github\vectorizationcomparison\nothreadsyesvectorization\debug\nothread.70ea90c0.tlog\xilink-link-cvtres.read.1.tlog
d:\users\raff\documents\github\vectorizationcomparison\nothreadsyesvectorization\debug\nothread.70ea90c0.tlog\xilink-link-cvtres.write.1.tlog
d:\users\raff\documents\github\vectorizationcomparison\nothreadsyesvectorization\debug\nothread.70ea90c0.tlog\xilink-link-rc.read.1.tlog
d:\users\raff\documents\github\vectorizationcomparison\nothreadsyesvectorization\debug\nothread.70ea90c0.tlog\xilink-link-rc.write.1.tlog
d:\users\raff\documents\github\vectorizationcomparison\nothreadsyesvectorization\debug\nothread.70ea90c0.tlog\xilink-link.read.1.tlog
d:\users\raff\documents\github\vectorizationcomparison\nothreadsyesvectorization\debug\nothread.70ea90c0.tlog\xilink-link.read.2.tlog
d:\users\raff\documents\github\vectorizationcomparison\nothreadsyesvectorization\debug\nothread.70ea90c0.tlog\xilink-link.write.1.tlog
d:\users\raff\documents\github\vectorizationcomparison\nothreadsyesvectorization\debug\nothread.70ea90c0.tlog\xilink-mcpcom.read.1.tlog
d:\users\raff\documents\github\vectorizationcomparison\nothreadsyesvectorization\debug\nothread.70ea90c0.tlog\xilink-mcpcom.write.1.tlog
d:\users\raff\documents\github\vectorizationcomparison\nothreadsyesvectorization\debug\nothread.70ea90c0.tlog\xilink.command.1.tlog
d:\users\raff\documents\github\vectorizationcomparison\nothreadsyesvectorization\debug\nothread.70ea90c0.tlog\xilink.read.1.tlog
d:\users\raff\documents\github\vectorizationcomparison\nothreadsyesvectorization\debug\nothread.70ea90c0.tlog\xilink.write.1.tlog
